2025-05-14 15:36:31,368 - INFO - ====== WebDriver manager ======
2025-05-14 15:36:32,284 - INFO - Get LATEST chromedriver version for google-chrome
2025-05-14 15:36:33,797 - INFO - Get LATEST chromedriver version for google-chrome
2025-05-14 15:36:35,561 - INFO - Driver [C:\Users\李琛子\.wdm\drivers\chromedriver\win64\136.0.7103.92\chromedriver-win32/chromedriver.exe] found in cache
2025-05-14 15:36:36,715 - INFO - Chrome 驱动初始化成功
2025-05-14 15:36:36,721 - INFO - 正在获取第 1 页结果
2025-05-14 15:36:42,215 - INFO - 正在获取第 2 页结果
2025-05-14 15:36:50,406 - INFO - 正在获取第 3 页结果
2025-05-14 15:36:55,542 - INFO - 正在获取第 4 页结果
2025-05-14 15:36:59,945 - INFO - 正在获取第 5 页结果
2025-05-14 15:37:04,042 - INFO - 正在获取第 6 页结果
2025-05-14 15:37:09,030 - INFO - 正在获取第 7 页结果
2025-05-14 15:37:12,050 - INFO - 正在获取第 8 页结果
2025-05-14 15:37:15,362 - INFO - 正在获取第 9 页结果
2025-05-14 15:37:21,320 - INFO - 正在获取第 10 页结果
2025-05-14 15:37:26,037 - INFO - 正在获取第 11 页结果
2025-05-14 15:37:31,714 - INFO - 正在获取第 12 页结果
2025-05-14 15:37:36,727 - INFO - 正在获取第 13 页结果
2025-05-14 15:37:39,861 - INFO - 正在获取第 14 页结果
2025-05-14 15:37:42,843 - INFO - 正在获取第 15 页结果
2025-05-14 15:37:46,108 - INFO - 正在获取第 16 页结果
2025-05-14 15:37:51,758 - INFO - 正在获取第 17 页结果
2025-05-14 15:37:55,261 - INFO - 正在获取第 18 页结果
2025-05-14 15:37:59,292 - INFO - 正在获取第 19 页结果
2025-05-14 15:38:04,110 - INFO - 正在获取第 20 页结果
2025-05-14 15:38:13,281 - INFO - 结果已保存到: scholar_results3.csv
2025-05-14 15:41:59,275 - INFO - ====== WebDriver manager ======
2025-05-14 15:42:00,175 - INFO - Get LATEST chromedriver version for google-chrome
2025-05-14 15:42:03,456 - INFO - Get LATEST chromedriver version for google-chrome
2025-05-14 15:42:05,177 - INFO - Driver [C:\Users\李琛子\.wdm\drivers\chromedriver\win64\136.0.7103.92\chromedriver-win32/chromedriver.exe] found in cache
2025-05-14 15:42:06,294 - INFO - Chrome 驱动初始化成功
2025-05-14 15:42:06,300 - INFO - 正在获取第 1 页结果
2025-05-14 15:42:14,399 - INFO - 正在获取第 2 页结果
2025-05-14 15:42:20,029 - INFO - 正在获取第 3 页结果
2025-05-14 15:42:23,467 - INFO - 正在获取第 4 页结果
2025-05-14 15:42:28,659 - INFO - 正在获取第 5 页结果
2025-05-14 15:42:31,224 - INFO - 正在获取第 6 页结果
2025-05-14 15:42:36,710 - INFO - 正在获取第 7 页结果
2025-05-14 15:42:39,505 - INFO - 正在获取第 8 页结果
2025-05-14 15:42:43,852 - INFO - 正在获取第 9 页结果
2025-05-14 15:42:49,559 - INFO - 正在获取第 10 页结果
2025-05-14 15:42:54,569 - INFO - 正在获取第 11 页结果
2025-05-14 15:42:59,415 - INFO - 正在获取第 12 页结果
2025-05-14 15:43:03,009 - INFO - 正在获取第 13 页结果
2025-05-14 15:43:07,682 - INFO - 正在获取第 14 页结果
2025-05-14 15:43:10,882 - INFO - 正在获取第 15 页结果
2025-05-14 15:43:14,507 - INFO - 正在获取第 16 页结果
2025-05-14 15:43:19,768 - INFO - 正在获取第 17 页结果
2025-05-14 15:43:23,108 - INFO - 正在获取第 18 页结果
2025-05-14 15:43:26,435 - INFO - 正在获取第 19 页结果
2025-05-14 15:43:31,787 - INFO - 正在获取第 20 页结果
2025-05-14 15:43:41,769 - INFO - 结果已保存到: scholar_results4.csv
